<?xml version="1.0" encoding="UTF-8"?>
<!-- Generated by org.testng.reporters.JUnitXMLReporter -->
<testsuite ignored="25" hostname="CHNA-LAPW0176" failures="0" tests="1" name="Default test" time="52.62" errors="0" timestamp="2023-04-14T16:59:19 IST">
  <testcase classname="com.dev.allIndex.createPortfolio.CreatePortfolioByNonRebalance" name="verifyNavigatetoTheUploadImageStepper" time="26.734"/>
  <testcase classname="com.dev.allIndex.createPortfolio.CreatePortfolioByNonRebalance" name="verifyIndustrywiseResetToMarketCaplWeight" time="0.0">
    <ignored/>
  </testcase> <!-- verifyIndustrywiseResetToMarketCaplWeight -->
  <testcase classname="com.dev.allIndex.createPortfolio.CreatePortfolioByNonRebalance" name="checkSortingFunctioninSectorAtoZ" time="0.0">
    <ignored/>
  </testcase> <!-- checkSortingFunctioninSectorAtoZ -->
  <testcase classname="com.dev.allIndex.createPortfolio.CreatePortfolioByNonRebalance" name="verifyFilterSelectedStocksCountMatchesWithSumOfSelected" time="0.0">
    <ignored/>
  </testcase> <!-- verifyFilterSelectedStocksCountMatchesWithSumOfSelected -->
  <testcase classname="com.dev.allIndex.createPortfolio.CreatePortfolioByNonRebalance" name="verifyCountrywiseResetToEqualWeight" time="0.0">
    <ignored/>
  </testcase> <!-- verifyCountrywiseResetToEqualWeight -->
  <testcase classname="com.dev.allIndex.createPortfolio.CreatePortfolioByNonRebalance" name="checkSortingFunctioninMArketCapAtoZ" time="0.0">
    <ignored/>
  </testcase> <!-- checkSortingFunctioninMArketCapAtoZ -->
  <testcase classname="com.dev.allIndex.createPortfolio.CreatePortfolioByNonRebalance" name="validationOfDeSelectedStocksSelectAllButton" time="0.0">
    <ignored/>
  </testcase> <!-- validationOfDeSelectedStocksSelectAllButton -->
  <testcase classname="com.dev.allIndex.createPortfolio.CreatePortfolioByNonRebalance" name="verifyCountOfMarketCapMenu" time="0.0">
    <ignored/>
  </testcase> <!-- verifyCountOfMarketCapMenu -->
  <testcase classname="com.dev.allIndex.createPortfolio.CreatePortfolioByNonRebalance" name="verifyCountOfIndustryMenu" time="0.0">
    <ignored/>
  </testcase> <!-- verifyCountOfIndustryMenu -->
  <testcase classname="com.dev.allIndex.createPortfolio.CreatePortfolioByNonRebalance" name="verifySectorwiseResetToEqualWeight" time="0.0">
    <ignored/>
  </testcase> <!-- verifySectorwiseResetToEqualWeight -->
  <testcase classname="com.dev.allIndex.createPortfolio.CreatePortfolioByNonRebalance" name="checkCountofEachNavigationTabs" time="0.0">
    <ignored/>
  </testcase> <!-- checkCountofEachNavigationTabs -->
  <testcase classname="com.dev.allIndex.createPortfolio.CreatePortfolioByNonRebalance" name="verifyIndustrywiseResetToEqualWeight" time="0.0">
    <ignored/>
  </testcase> <!-- verifyIndustrywiseResetToEqualWeight -->
  <testcase classname="com.dev.allIndex.createPortfolio.CreatePortfolioByNonRebalance" name="verifyCountOfESGMenu" time="0.0">
    <ignored/>
  </testcase> <!-- verifyCountOfESGMenu -->
  <testcase classname="com.dev.allIndex.createPortfolio.CreatePortfolioByNonRebalance" name="verifyFilterStocksCountMatchesWithSumOfSelected" time="0.0">
    <ignored/>
  </testcase> <!-- verifyFilterStocksCountMatchesWithSumOfSelected -->
  <testcase classname="com.dev.allIndex.createPortfolio.CreatePortfolioByNonRebalance" name="checkSortingFunctioninAssetClassStocksAtoZ" time="0.0">
    <ignored/>
  </testcase> <!-- checkSortingFunctioninAssetClassStocksAtoZ -->
  <testcase classname="com.dev.allIndex.createPortfolio.CreatePortfolioByNonRebalance" name="verifyCountOfCountry" time="0.0">
    <ignored/>
  </testcase> <!-- verifyCountOfCountry -->
  <testcase classname="com.dev.allIndex.createPortfolio.CreatePortfolioByNonRebalance" name="verifyCountOfAssetClass" time="0.0">
    <ignored/>
  </testcase> <!-- verifyCountOfAssetClass -->
  <testcase classname="com.dev.allIndex.createPortfolio.CreatePortfolioByNonRebalance" name="checkSelectedStocksSumforMultipleStocksSelection" time="0.0">
    <ignored/>
  </testcase> <!-- checkSelectedStocksSumforMultipleStocksSelection -->
  <testcase classname="com.dev.allIndex.createPortfolio.CreatePortfolioByNonRebalance" name="verifySectorwiseResetToMarketCaplWeight" time="0.0">
    <ignored/>
  </testcase> <!-- verifySectorwiseResetToMarketCaplWeight -->
  <testcase classname="com.dev.allIndex.createPortfolio.CreatePortfolioByNonRebalance" name="checkPresenceOfNon_ReBalanceButton" time="0.0">
    <ignored/>
  </testcase> <!-- checkPresenceOfNon_ReBalanceButton -->
  <testcase classname="com.dev.allIndex.createPortfolio.CreatePortfolioByNonRebalance" name="checkSortingFunctioninIndustryAtoZ" time="0.0">
    <ignored/>
  </testcase> <!-- checkSortingFunctioninIndustryAtoZ -->
  <testcase classname="com.dev.allIndex.createPortfolio.CreatePortfolioByNonRebalance" name="validationOfSelectedStocksClearAllButton" time="0.0">
    <ignored/>
  </testcase> <!-- validationOfSelectedStocksClearAllButton -->
  <testcase classname="com.dev.allIndex.createPortfolio.CreatePortfolioByNonRebalance" name="verifyCountOfSectorMenu" time="0.0">
    <ignored/>
  </testcase> <!-- verifyCountOfSectorMenu -->
  <testcase classname="com.dev.allIndex.createPortfolio.CreatePortfolioByNonRebalance" name="validationOfMenuClearAllButton" time="0.0">
    <ignored/>
  </testcase> <!-- validationOfMenuClearAllButton -->
  <testcase classname="com.dev.allIndex.createPortfolio.CreatePortfolioByNonRebalance" name="checkSortingFunctioninCountryAtoZ" time="0.0">
    <ignored/>
  </testcase> <!-- checkSortingFunctioninCountryAtoZ -->
  <testcase classname="com.dev.allIndex.createPortfolio.CreatePortfolioByNonRebalance" name="verifyCountrywiseResetToMarketCaplWeight" time="0.0">
    <ignored/>
  </testcase> <!-- verifyCountrywiseResetToMarketCaplWeight -->
</testsuite> <!-- Default test -->
