<?xml version="1.0" encoding="UTF-8"?>
<!-- Generated by org.testng.reporters.JUnitXMLReporter -->
<testsuite ignored="0" hostname="CHNA-LAPW0176" failures="1" tests="11" name="Test" time="551.178" errors="0" timestamp="2023-04-12T11:01:34 IST">
  <testcase classname="com.dev.allIndex.createPortfolio.CreatePortFolio" name="verifyCountOfSelectedStocksMatchingWithSelectedManually" time="12.99"/>
  <testcase classname="com.dev.allIndex.createPortfolio.CreatePortFolio" name="verifyCountOfDeselectedStocksAfterRemovedFromSelectedStocks" time="21.504"/>
  <testcase classname="com.dev.allIndex.createPortfolio.CreatePortFolio" name="VerificationOfWorkingOfClearAllButton" time="10.871"/>
  <testcase classname="com.dev.allIndex.createPortfolio.CreatePortFolio" name="VerificationOfWorkingOfSelectAllButton" time="11.928"/>
  <testcase classname="com.dev.allIndex.createPortfolio.CreatePortFolio" name="verificationOfEqualStockDistributionInWeighingStepper" time="71.99"/>
  <testcase classname="com.dev.allIndex.createPortfolio.CreatePortFolio" name="createPortfolioManulSearch" time="13.304">
    <failure type="java.lang.AssertionError" message="Test Failed.Something went Wrong">
      <![CDATA[java.lang.AssertionError: Test Failed.Something went Wrong
at com.dev.allIndex.createPortfolio.CreatePortFolio.createPortfolioManulSearch(CreatePortFolio.java:124)
at java.base/java.util.ArrayList.forEach(ArrayList.java:1541)
... Removed 28 stack frames]]>
    </failure>
  </testcase> <!-- createPortfolioManulSearch -->
  <testcase classname="com.dev.allIndex.createPortfolio.CreatePortFolio" name="checkUploadButtonPresent" time="7.197"/>
  <testcase classname="com.dev.allIndex.createPortfolio.CreatePortFolio" name="checkDownloadButtonPresent" time="5.788"/>
  <testcase classname="com.dev.allIndex.createPortfolio.CreatePortFolio" name="verifyFileDownloadedOrNot" time="14.133"/>
  <testcase classname="com.dev.allIndex.createPortfolio.CreatePortFolio" name="checkWarningMEssageIfExcelUploadedWithMissedWeighing" time="15.128"/>
  <testcase classname="com.dev.allIndex.createPortfolio.CreatePortFolio" name="createPortfoliowithExcelFileUpload" time="18.556"/>
</testsuite> <!-- Test -->
