<?xml version="1.0" encoding="UTF-8"?>
<testng-results ignored="25" total="26" passed="1" failed="0" skipped="0">
  <reporter-output>
  </reporter-output>
  <suite started-at="2023-04-14T16:58:27 IST" name="Default suite" finished-at="2023-04-14T16:59:19 IST" duration-ms="52620">
    <groups>
    </groups>
    <test started-at="2023-04-14T16:58:27 IST" name="Default test" finished-at="2023-04-14T16:59:19 IST" duration-ms="52620">
      <class name="com.dev.allIndex.createPortfolio.CreatePortfolioByNonRebalance">
        <test-method is-config="true" signature="SetUp()[pri:0, instance:com.dev.allIndex.createPortfolio.CreatePortfolioByNonRebalance@5505ae1a]" started-at="2023-04-14T16:58:27 IST" name="SetUp" finished-at="2023-04-14T16:58:36 IST" duration-ms="9115" status="PASS">
          <reporter-output>
          </reporter-output>
        </test-method> <!-- SetUp -->
        <test-method is-config="true" signature="setUp()[pri:0, instance:com.dev.allIndex.createPortfolio.CreatePortfolioByNonRebalance@5505ae1a]" started-at="2023-04-14T16:58:36 IST" name="setUp" finished-at="2023-04-14T16:58:51 IST" duration-ms="14996" status="PASS">
          <reporter-output>
          </reporter-output>
        </test-method> <!-- setUp -->
        <test-method signature="verifyNavigatetoTheUploadImageStepper()[pri:0, instance:com.dev.allIndex.createPortfolio.CreatePortfolioByNonRebalance@5505ae1a]" started-at="2023-04-14T16:58:51 IST" name="verifyNavigatetoTheUploadImageStepper" finished-at="2023-04-14T16:59:18 IST" duration-ms="26734" status="PASS">
          <reporter-output>
          </reporter-output>
        </test-method> <!-- verifyNavigatetoTheUploadImageStepper -->
        <test-method is-config="true" signature="tearDown(org.testng.ITestResult)[pri:0, instance:com.dev.allIndex.createPortfolio.CreatePortfolioByNonRebalance@5505ae1a]" started-at="2023-04-14T16:59:18 IST" name="tearDown" finished-at="2023-04-14T16:59:19 IST" duration-ms="1395" status="PASS">
          <params>
            <param index="0">
              <value>
                <![CDATA[[TestResult name=verifyNavigatetoTheUploadImageStepper status=SUCCESS method=CreatePortfolioByNonRebalance.verifyNavigatetoTheUploadImageStepper()[pri:0, instance:com.dev.allIndex.createPortfolio.CreatePortfolioByNonRebalance@5505ae1a] output={null}]]]>
              </value>
            </param>
          </params>
          <reporter-output>
          </reporter-output>
        </test-method> <!-- tearDown -->
      </class> <!-- com.dev.allIndex.createPortfolio.CreatePortfolioByNonRebalance -->
    </test> <!-- Default test -->
  </suite> <!-- Default suite -->
</testng-results>
